/api/user/enroll/test2/2, 4, {near "$1": syntax error /api/user/enroll/test2/2 4}
/api/user/logout/, 3, {sql: no rows in result set /api/user/logout/ 3}
/api/user/enroll/test3/2, 4, {near "$1": syntax error /api/user/enroll/test3/2 4}
/api/user/enroll/test3/2, 4, {near "$1": syntax error /api/user/enroll/test3/2 4}
/api/user/logout/, 3, {sql: no rows in result set /api/user/logout/ 3}
/api/user/enroll/test3/2, 4, {near "$1": syntax error /api/user/enroll/test3/2 4}
/api/user/enroll/test3/2, 4, {near "$1": syntax error /api/user/enroll/test3/2 4}
/api/user/enroll/test3/2, 4, {near "$1": syntax error /api/user/enroll/test3/2 4}
/api/user/enroll/test3/2, 4, {near "$1": syntax error /api/user/enroll/test3/2 4}
/api/user/logout/, 3, {sql: no rows in result set /api/user/logout/ 3}
/api/user/logout/, 3, {sql: no rows in result set /api/user/logout/ 3}
/api/user/enroll/test3/2, 4, {sql: no rows in result set /api/user/enroll/test3/2 4}
/api/user/enroll/test3/2, 4, {user has already enrolled in this course /api/user/enroll/test3/2 4}
/api/user/logout/, 3, {sql: no rows in result set /api/user/logout/ 3}
/api/user/enroll/testing/2, 4, {sql: no rows in result set /api/user/enroll/testing/2 4}
/api/user/enroll/testing/2, 4, {user has already enrolled in this course /api/user/enroll/testing/2 4}
/api/user/enroll/testing/2, 4, {sql: no rows in result set /api/user/enroll/testing/2 4}
/api/user/enroll/testing/2, 4, {sql: no rows in result set /api/user/enroll/testing/2 4}
/api/user/enroll/testing/2, 4, {sql: Scan error on column index 3: unsupported Scan, storing driver.Value type []uint8 into type *[]string /api/user/enroll/testing/2 4}
/api/user/logout/, 3, {sql: no rows in result set /api/user/logout/ 3}
/api/user/logout/, 3, {sql: no rows in result set /api/user/logout/ 3}
/api/user/logout/, 3, {sql: no rows in result set /api/user/logout/ 3}
/api/user/logout/, 3, {sql: no rows in result set /api/user/logout/ 3}
/api/user/login/, 2, {Password does not match /api/user/login/ 2}
/api/user/logout/, 3, {sql: no rows in result set /api/user/logout/ 3}
/api/user/logout/, 3, {sql: no rows in result set /api/user/logout/ 3}
/api/user/logout/, 3, {sql: no rows in result set /api/user/logout/ 3}
/api/user/logout/, 3, {sql: no rows in result set /api/user/logout/ 3}
2018-04-22 22:12:23 - /api/user/enroll/testing/2, 4: user has already enrolled in this course
2018-04-22 22:12:39 - /api/user/enroll/testing/2, 4: user has already enrolled in this course
2018-04-22 22:17:51 - /api/user/logout/, 3: sql: no rows in result set
2018-04-22 22:24:34 - /api/user/logout/, 3: sql: no rows in result set
2018-04-22 22:26:32 - /api/user/logout/, 3: sql: no rows in result set
2018-04-22 22:28:10 - /api/user/logout/, 3: sql: no rows in result set
2018-04-22 22:29:06 - /api/user/logout/, 3: sql: no rows in result set
2018-04-22 22:39:40 - /api/user/logout/, 3: sql: no rows in result set
2018-04-23 09:00:29 - /api/courses/previous/test, 3: sql: no rows in result set
2018-04-23 10:20:13 - /api/user/enroll/, 4: sql: no rows in result set
2018-04-23 10:21:01 - /api/user/logout/, 3: sql: no rows in result set
2018-04-23 10:22:41 - /api/user/enroll/, 4: sql: no rows in result set
2018-04-23 10:22:50 - /api/user/enroll/, 4: sql: no rows in result set
2018-04-23 10:23:03 - /api/user/enroll/, 4: sql: no rows in result set
2018-04-23 10:23:30 - /api/user/logout/, 3: sql: no rows in result set
2018-04-23 10:24:59 - /api/user/logout/, 3: sql: no rows in result set
2018-04-23 10:33:22 - /api/user/login/, 4: User already has a uuid
2018-04-23 10:33:45 - /api/courses/enrolled/RtUWNgS5cnJswaDW8S1DvB7vKAIyCrOvEfpK5ev3OfiFakTq9h, 3: sql: no rows in result set
2018-04-23 10:33:47 - /api/courses/enrolled/RtUWNgS5cnJswaDW8S1DvB7vKAIyCrOvEfpK5ev3OfiFakTq9h, 3: sql: no rows in result set
2018-04-23 10:33:51 - /api/courses/enrolled/RtUWNgS5cnJswaDW8S1DvB7vKAIyCrOvEfpK5ev3OfiFakTq9h, 3: sql: no rows in result set
2018-04-23 10:34:15 - /api/user/enroll/, 4: sql: no rows in result set
2018-04-23 10:35:18 - /api/user/enroll/, 4: sql: no rows in result set
2018-04-23 10:38:23 - /api/user/enroll/, 4: sql: no rows in result set
2018-04-23 10:38:58 - /api/user/logout/, 3: sql: no rows in result set
2018-04-23 10:41:04 - /api/user/logout/, 3: sql: no rows in result set
2018-04-23 10:41:43 - /api/user/enroll/, 4: sql: no rows in result set
2018-04-23 10:42:07 - /api/user/enroll/, 4: sql: no rows in result set
2018-04-23 10:42:25 - /api/user/enroll/, 4: sql: no rows in result set
2018-04-23 10:42:40 - /api/user/enroll/, 4: sql: no rows in result set
2018-04-23 10:43:31 - /api/user/enroll/, 4: sql: no rows in result set
2018-04-23 10:44:54 - /api/user/enroll/, 4: no such table: availableClasses
2018-04-23 10:45:10 - /api/user/enroll/, 4: no such column: userID
2018-04-23 10:46:05 - /api/user/enroll/, 4: no such column: userID
2018-04-23 10:47:04 - /api/user/enroll/, 4: no such column: userID
2018-04-23 10:47:40 - /api/user/enroll/, 4: class conflicts with CSC-461
2018-04-23 10:49:04 - /api/user/enroll/, 4: Class conflicts with CSC-461
2018-04-23 10:49:39 - /api/user/logout/, 3: sql: no rows in result set
